# JRE version: OpenJDK Runtime Environment (8.0_144-b01) (build 1.8.0_144-b01)
# Java VM: OpenJDK 64-Bit Server VM (25.144-b01 mixed mode linux-amd64 compressed oops)
Heap:
 PSYoungGen      total 36864K, used 18908K [0x00000000d6c00000, 0x00000000d9500000, 0x0000000100000000)
  eden space 31744K, 53% used [0x00000000d6c00000,0x00000000d7c7f248,0x00000000d8b00000)
  from space 5120K, 39% used [0x00000000d9000000,0x00000000d91f8060,0x00000000d9500000)
  to   space 5120K, 0% used [0x00000000d8b00000,0x00000000d8b00000,0x00000000d9000000)
 ParOldGen       total 84992K, used 24K [0x0000000084400000, 0x0000000089700000, 0x00000000d6c00000)
  object space 84992K, 0% used [0x0000000084400000,0x0000000084406000,0x0000000089700000)
 Metaspace       used 6949K, capacity 7068K, committed 7296K, reserved 1056768K
  class space    used 730K, capacity 796K, committed 896K, reserved 1048576K
GC Heap History (4 events):
Event: 14.624 GC heap before
{Heap before GC invocations=1 (full 0):
 PSYoungGen      total 36864K, used 31744K [0x00000000d6c00000, 0x00000000d9500000, 0x0000000100000000)
  eden space 31744K, 100% used [0x00000000d6c00000,0x00000000d8b00000,0x00000000d8b00000)
  from space 5120K, 0% used [0x00000000d9000000,0x00000000d9000000,0x00000000d9500000)
  to   space 5120K, 0% used [0x00000000d8b00000,0x00000000d8b00000,0x00000000d9000000)
 ParOldGen       total 84992K, used 0K [0x0000000084400000, 0x0000000089700000, 0x00000000d6c00000)
  object space 84992K, 0% used [0x0000000084400000,0x0000000084400000,0x0000000089700000)
 Metaspace       used 6717K, capacity 6870K, committed 7040K, reserved 1056768K
  class space    used 729K, capacity 795K, committed 896K, reserved 1048576K
Event: 14.627 GC heap after
Heap after GC invocations=1 (full 0):
 PSYoungGen      total 36864K, used 2860K [0x00000000d6c00000, 0x00000000d9500000, 0x0000000100000000)
  eden space 31744K, 0% used [0x00000000d6c00000,0x00000000d6c00000,0x00000000d8b00000)
  from space 5120K, 55% used [0x00000000d8b00000,0x00000000d8dcb070,0x00000000d9000000)
  to   space 5120K, 0% used [0x00000000d9000000,0x00000000d9000000,0x00000000d9500000)
 ParOldGen       total 84992K, used 16K [0x0000000084400000, 0x0000000089700000, 0x00000000d6c00000)
  object space 84992K, 0% used [0x0000000084400000,0x0000000084404000,0x0000000089700000)
 Metaspace       used 6717K, capacity 6870K, committed 7040K, reserved 1056768K
  class space    used 729K, capacity 795K, committed 896K, reserved 1048576K
}
Event: 48.559 GC heap before
{Heap before GC invocations=2 (full 0):
 PSYoungGen      total 36864K, used 34565K [0x00000000d6c00000, 0x00000000d9500000, 0x0000000100000000)
  eden space 31744K, 99% used [0x00000000d6c00000,0x00000000d8af6450,0x00000000d8b00000)
  from space 5120K, 55% used [0x00000000d8b00000,0x00000000d8dcb070,0x00000000d9000000)
  to   space 5120K, 0% used [0x00000000d9000000,0x00000000d9000000,0x00000000d9500000)
 ParOldGen       total 84992K, used 16K [0x0000000084400000, 0x0000000089700000, 0x00000000d6c00000)
  object space 84992K, 0% used [0x0000000084400000,0x0000000084404000,0x0000000089700000)
 Metaspace       used 6891K, capacity 7068K, committed 7296K, reserved 1056768K
  class space    used 730K, capacity 796K, committed 896K, reserved 1048576K
Event: 48.566 GC heap after
Heap after GC invocations=2 (full 0):
 PSYoungGen      total 36864K, used 2016K [0x00000000d6c00000, 0x00000000d9500000, 0x0000000100000000)
  eden space 31744K, 0% used [0x00000000d6c00000,0x00000000d6c00000,0x00000000d8b00000)
  from space 5120K, 39% used [0x00000000d9000000,0x00000000d91f8060,0x00000000d9500000)
  to   space 5120K, 0% used [0x00000000d8b00000,0x00000000d8b00000,0x00000000d9000000)
 ParOldGen       total 84992K, used 24K [0x0000000084400000, 0x0000000089700000, 0x00000000d6c00000)
  object space 84992K, 0% used [0x0000000084400000,0x0000000084406000,0x0000000089700000)
 Metaspace       used 6891K, capacity 7068K, committed 7296K, reserved 1056768K
  class space    used 730K, capacity 796K, committed 896K, reserved 1048576K
}

